<?xml version="1.0" encoding="UTF-8"?>
<!-- Generated by org.testng.reporters.JUnitReportReporter -->
<testsuite skipped="0" hostname="VSINGH-MBP.local" name="com.employeeApi.testcases.GetAllEmployes" tests="6" failures="0" timestamp="26 Dec 2019 16:48:21 GMT" time="0.008" errors="0">
  <testcase name="checkContentType" time="0.001" classname="com.employeeApi.testcases.GetAllEmployes"/>
  <testcase name="checkRespose" time="0.002" classname="com.employeeApi.testcases.GetAllEmployes"/>
  <testcase name="checkStatusCode" time="0.001" classname="com.employeeApi.testcases.GetAllEmployes"/>
  <testcase name="checkContentLength" time="0.001" classname="com.employeeApi.testcases.GetAllEmployes"/>
  <testcase name="checkresponseTime" time="0.002" classname="com.employeeApi.testcases.GetAllEmployes"/>
  <testcase name="checkServr" time="0.001" classname="com.employeeApi.testcases.GetAllEmployes"/>
</testsuite> <!-- com.employeeApi.testcases.GetAllEmployes -->
