<?xml version="1.0" encoding="UTF-8"?>
<!-- Generated by org.testng.reporters.JUnitReportReporter -->
<testsuite skipped="0" hostname="VSINGH-MBP.local" name="com.apiTesting.APITestng.TC01" tests="1" failures="0" timestamp="26 Dec 2019 10:27:41 GMT" time="3.096" errors="0">
  <testcase name="cityWhether" time="3.096" classname="com.apiTesting.APITestng.TC01"/>
</testsuite> <!-- com.apiTesting.APITestng.TC01 -->
