<?xml version="1.0" encoding="UTF-8"?>
<!-- Generated by org.testng.reporters.JUnitReportReporter -->
<testsuite skipped="0" hostname="VSINGH-MBP.local" name="com.employeeApi.testcases.DeleteEmployeeApi" tests="4" failures="0" timestamp="26 Dec 2019 16:48:21 GMT" time="0.086" errors="0">
  <testcase name="checkServr" time="0.002" classname="com.employeeApi.testcases.DeleteEmployeeApi"/>
  <testcase name="checkBodyData" time="0.017" classname="com.employeeApi.testcases.DeleteEmployeeApi"/>
  <testcase name="checkStatusCode" time="0.000" classname="com.employeeApi.testcases.DeleteEmployeeApi"/>
  <testcase name="checkContentType" time="0.067" classname="com.employeeApi.testcases.DeleteEmployeeApi"/>
</testsuite> <!-- com.employeeApi.testcases.DeleteEmployeeApi -->
