<?xml version="1.0" encoding="UTF-8"?>
<!-- Generated by org.testng.reporters.JUnitReportReporter -->
<testsuite skipped="0" hostname="VSINGH-MBP.local" name="com.employeeApi.testcases.PostCreateEmployee" tests="4" failures="0" timestamp="26 Dec 2019 16:48:21 GMT" time="0.003" errors="0">
  <testcase name="checkContentType" time="0.000" classname="com.employeeApi.testcases.PostCreateEmployee"/>
  <testcase name="checkServr" time="0.001" classname="com.employeeApi.testcases.PostCreateEmployee"/>
  <testcase name="checkBodyData" time="0.001" classname="com.employeeApi.testcases.PostCreateEmployee"/>
  <testcase name="checkStatusCode" time="0.001" classname="com.employeeApi.testcases.PostCreateEmployee"/>
</testsuite> <!-- com.employeeApi.testcases.PostCreateEmployee -->
