<?xml version="1.0" encoding="UTF-8"?>
<!-- Generated by org.testng.reporters.JUnitReportReporter -->
<testsuite skipped="0" hostname="VSINGH-MBP.local" name="com.employeeApi.testcases.GetEmployee" tests="6" failures="0" timestamp="26 Dec 2019 16:48:21 GMT" time="0.004" errors="0">
  <testcase name="checkServr" time="0.000" classname="com.employeeApi.testcases.GetEmployee"/>
  <testcase name="checkContentLength" time="0.001" classname="com.employeeApi.testcases.GetEmployee"/>
  <testcase name="checkStatusCode" time="0.001" classname="com.employeeApi.testcases.GetEmployee"/>
  <testcase name="checkContentType" time="0.000" classname="com.employeeApi.testcases.GetEmployee"/>
  <testcase name="checkRespose" time="0.001" classname="com.employeeApi.testcases.GetEmployee"/>
  <testcase name="checkresponseTime" time="0.001" classname="com.employeeApi.testcases.GetEmployee"/>
</testsuite> <!-- com.employeeApi.testcases.GetEmployee -->
